<?xml version="1.0" encoding="UTF-8"?>
<!-- Generated by org.testng.reporters.JUnitReportReporter -->
<testsuite hostname="rebof-Nitro" failures="0" tests="1" name="ecom.Tests.ErrorValidationsTest" time="16.393" errors="0" timestamp="2025-08-25T10:05:54 EDT" skipped="0">
  <testcase classname="ecom.Tests.ErrorValidationsTest" name="productErrorValidation" time="16.393"/>
</testsuite> <!-- ecom.Tests.ErrorValidationsTest -->
