<?xml version="1.0" encoding="UTF-8"?>
<!-- Generated by org.testng.reporters.JUnitReportReporter -->
<testsuite hostname="rebof-Nitro" failures="0" tests="1" name="ecom.Tests.ErrorValidationsTest" time="22.192" errors="0" timestamp="2025-08-14T01:45:45 EDT" skipped="0">
  <testcase classname="ecom.Tests.ErrorValidationsTest" name="productErrorValidation" time="22.192"/>
</testsuite> <!-- ecom.Tests.ErrorValidationsTest -->
