<?xml version="1.0" encoding="UTF-8"?>
<!-- Generated by org.testng.reporters.JUnitReportReporter -->
<testsuite hostname="rebof-Nitro" failures="0" tests="10" name="ecom.Tests.FiltersTest" time="42.470" errors="0" timestamp="2025-08-19T08:47:00 EDT" skipped="0">
  <testcase classname="ecom.Tests.FiltersTest" name="testSubCategoryTshirts" time="3.006"/>
  <testcase classname="ecom.Tests.FiltersTest" name="testCategoryHousehold" time="4.268"/>
  <testcase classname="ecom.Tests.FiltersTest" name="testPriceRangeFilter" time="6.481"/>
  <testcase classname="ecom.Tests.FiltersTest" name="testCategoryElectronics" time="4.439"/>
  <testcase classname="ecom.Tests.FiltersTest" name="testSearchFilter" time="4.401"/>
  <testcase classname="ecom.Tests.FiltersTest" name="testSubCategoryMobiles" time="2.859"/>
  <testcase classname="ecom.Tests.FiltersTest" name="testSubCategoryShoes" time="2.828"/>
  <testcase classname="ecom.Tests.FiltersTest" name="testSubCategoryShirts" time="2.834"/>
  <testcase classname="ecom.Tests.FiltersTest" name="testSubCategoryLaptops" time="4.467"/>
  <testcase classname="ecom.Tests.FiltersTest" name="testCategoryFashion" time="6.887"/>
</testsuite> <!-- ecom.Tests.FiltersTest -->
