<?xml version="1.0" encoding="UTF-8"?>
<!-- Generated by org.testng.reporters.JUnitReportReporter -->
<testsuite hostname="rebof-Nitro" failures="0" tests="1" name="ecom.Tests.ProductDetailsTest" time="5.780" errors="0" timestamp="2025-08-20T23:40:10 EDT" skipped="0">
  <testcase classname="ecom.Tests.ProductDetailsTest" name="verifyProductPriceConsistency" time="5.780"/>
</testsuite> <!-- ecom.Tests.ProductDetailsTest -->
