<?xml version="1.0" encoding="UTF-8"?>
<!-- Generated by org.testng.reporters.JUnitReportReporter -->
<testsuite hostname="rebof-Nitro" failures="0" tests="10" name="cucumber.TestNGRunner" time="39.767" errors="0" timestamp="2025-08-19T08:45:53 EDT" skipped="0">
  <testcase classname="cucumber.TestNGRunner" name="runScenario" time="4.520"/>
  <testcase classname="cucumber.TestNGRunner" name="runScenario" time="3.049"/>
  <testcase classname="cucumber.TestNGRunner" name="runScenario" time="2.951"/>
  <testcase classname="cucumber.TestNGRunner" name="runScenario" time="4.687"/>
  <testcase classname="cucumber.TestNGRunner" name="runScenario" time="4.627"/>
  <testcase classname="cucumber.TestNGRunner" name="runScenario" time="3.000"/>
  <testcase classname="cucumber.TestNGRunner" name="runScenario" time="5.144"/>
  <testcase classname="cucumber.TestNGRunner" name="runScenario" time="4.617"/>
  <testcase classname="cucumber.TestNGRunner" name="runScenario" time="2.910"/>
  <testcase classname="cucumber.TestNGRunner" name="runScenario" time="4.262"/>
</testsuite> <!-- cucumber.TestNGRunner -->
