<?xml version="1.0" encoding="UTF-8"?>
<!-- Generated by org.testng.reporters.JUnitReportReporter -->
<testsuite hostname="rebof-Nitro" failures="0" tests="2" name="ecom.Tests.ErrorValidationsTest" time="26.840" errors="0" timestamp="2025-08-13T12:37:35 EDT" skipped="0">
  <testcase classname="ecom.Tests.ErrorValidationsTest" name="loginErrorValidation" time="6.552"/>
  <testcase classname="ecom.Tests.ErrorValidationsTest" name="productErrorValidation" time="20.288"/>
</testsuite> <!-- ecom.Tests.ErrorValidationsTest -->
