<?xml version="1.0" encoding="UTF-8"?>
<!-- Generated by org.testng.reporters.JUnitReportReporter -->
<testsuite hostname="rebof-Nitro" failures="0" tests="1" name="ecom.Tests.ForgotPasswordTest" time="7.867" errors="0" timestamp="2025-08-25T11:06:59 EDT" skipped="0">
  <testcase classname="ecom.Tests.ForgotPasswordTest" name="forgotPasswordFlow" time="7.867"/>
</testsuite> <!-- ecom.Tests.ForgotPasswordTest -->
