<?xml version="1.0" encoding="UTF-8"?>
<!-- Generated by org.testng.reporters.JUnitReportReporter -->
<testsuite hostname="rebof-Nitro" failures="0" tests="1" name="cucumber.TestNGRunner" time="34.451" errors="0" timestamp="2025-08-17T13:43:59 EDT" skipped="0">
  <testcase classname="cucumber.TestNGRunner" name="runScenario" time="34.451"/>
</testsuite> <!-- cucumber.TestNGRunner -->
