<?xml version="1.0" encoding="UTF-8"?>
<!-- Generated by org.testng.reporters.JUnitReportReporter -->
<testsuite hostname="rebof-Nitro" failures="0" tests="2" name="ecom.Tests.ErrorValidationsTest" time="33.997" errors="0" timestamp="2025-08-13T13:42:58 EDT" skipped="0">
  <testcase classname="ecom.Tests.ErrorValidationsTest" name="loginErrorValidation" time="8.507"/>
  <testcase classname="ecom.Tests.ErrorValidationsTest" name="productErrorValidation" time="25.490"/>
</testsuite> <!-- ecom.Tests.ErrorValidationsTest -->
